{"/Users/cweems/workspace/masked-comms-app/src/twilioClient.ts": {"path":"/Users/cweems/workspace/masked-comms-app/src/twilioClient.ts","statementMap":{"0":{"start":{"line":1,"column":0},"end":{"line":1,"column":28}},"1":{"start":{"line":6,"column":0},"end":{"line":12,"column":null}},"2":{"start":{"line":7,"column":2},"end":{"line":7,"column":null}},"3":{"start":{"line":8,"column":2},"end":{"line":8,"column":null}},"4":{"start":{"line":10,"column":2},"end":{"line":10,"column":null}},"5":{"start":{"line":11,"column":2},"end":{"line":11,"column":null}},"6":{"start":{"line":15,"column":0},"end":{"line":19,"column":null}},"7":{"start":{"line":16,"column":2},"end":{"line":18,"column":4}},"8":{"start":{"line":21,"column":15},"end":{"line":23,"column":null}},"9":{"start":{"line":26,"column":0},"end":{"line":26,"column":22}}},"fnMap":{},"branchMap":{"0":{"loc":{"start":{"line":6,"column":0},"end":{"line":12,"column":null}},"type":"if","locations":[{"start":{"line":6,"column":0},"end":{"line":12,"column":null}},{"start":{"line":9,"column":7},"end":{"line":12,"column":null}}]},"1":{"loc":{"start":{"line":15,"column":0},"end":{"line":19,"column":null}},"type":"if","locations":[{"start":{"line":15,"column":0},"end":{"line":19,"column":null}}]},"2":{"loc":{"start":{"line":15,"column":4},"end":{"line":15,"column":45}},"type":"binary-expr","locations":[{"start":{"line":15,"column":4},"end":{"line":15,"column":23}},{"start":{"line":15,"column":27},"end":{"line":15,"column":45}}]}},"s":{"0":3,"1":3,"2":3,"3":3,"4":0,"5":0,"6":3,"7":0,"8":3,"9":3},"f":{},"b":{"0":[3,0],"1":[0],"2":[3,3]}}
,"/Users/cweems/workspace/masked-comms-app/src/config/retry.config.ts": {"path":"/Users/cweems/workspace/masked-comms-app/src/config/retry.config.ts","statementMap":{"0":{"start":{"line":1,"column":13},"end":{"line":6,"column":null}}},"fnMap":{},"branchMap":{},"s":{"0":2},"f":{},"b":{}}
,"/Users/cweems/workspace/masked-comms-app/src/services/session.service.ts": {"path":"/Users/cweems/workspace/masked-comms-app/src/services/session.service.ts","statementMap":{"0":{"start":{"line":3,"column":0},"end":{"line":3,"column":72}},"1":{"start":{"line":5,"column":39},"end":{"line":25,"column":1}},"2":{"start":{"line":6,"column":28},"end":{"line":6,"column":30}},"3":{"start":{"line":8,"column":19},"end":{"line":16,"column":4}},"4":{"start":{"line":9,"column":37},"end":{"line":9,"column":84}},"5":{"start":{"line":11,"column":27},"end":{"line":13,"column":6}},"6":{"start":{"line":12,"column":6},"end":{"line":12,"column":null}},"7":{"start":{"line":15,"column":4},"end":{"line":15,"column":null}},"8":{"start":{"line":18,"column":2},"end":{"line":24,"column":null}},"9":{"start":{"line":19,"column":4},"end":{"line":19,"column":null}},"10":{"start":{"line":20,"column":4},"end":{"line":20,"column":31}},"11":{"start":{"line":22,"column":4},"end":{"line":22,"column":null}},"12":{"start":{"line":23,"column":4},"end":{"line":23,"column":null}},"13":{"start":{"line":5,"column":13},"end":{"line":5,"column":39}},"14":{"start":{"line":27,"column":44},"end":{"line":51,"column":1}},"15":{"start":{"line":28,"column":2},"end":{"line":50,"column":null}},"16":{"start":{"line":29,"column":40},"end":{"line":29,"column":82}},"17":{"start":{"line":31,"column":24},"end":{"line":31,"column":26}},"18":{"start":{"line":33,"column":4},"end":{"line":44,"column":null}},"19":{"start":{"line":35,"column":31},"end":{"line":37,"column":8}},"20":{"start":{"line":36,"column":8},"end":{"line":36,"column":45}},"21":{"start":{"line":39,"column":6},"end":{"line":41,"column":null}},"22":{"start":{"line":40,"column":8},"end":{"line":40,"column":null}},"23":{"start":{"line":43,"column":6},"end":{"line":43,"column":44}},"24":{"start":{"line":46,"column":4},"end":{"line":46,"column":25}},"25":{"start":{"line":48,"column":4},"end":{"line":48,"column":null}},"26":{"start":{"line":49,"column":4},"end":{"line":49,"column":null}},"27":{"start":{"line":27,"column":13},"end":{"line":27,"column":44}},"28":{"start":{"line":53,"column":28},"end":{"line":79,"column":1}},"29":{"start":{"line":54,"column":2},"end":{"line":78,"column":null}},"30":{"start":{"line":55,"column":4},"end":{"line":72,"column":null}},"31":{"start":{"line":56,"column":6},"end":{"line":71,"column":null}},"32":{"start":{"line":57,"column":28},"end":{"line":60,"column":null}},"33":{"start":{"line":62,"column":8},"end":{"line":62,"column":null}},"34":{"start":{"line":65,"column":8},"end":{"line":68,"column":null}},"35":{"start":{"line":66,"column":42},"end":{"line":66,"column":64}},"36":{"start":{"line":67,"column":10},"end":{"line":67,"column":null}},"37":{"start":{"line":69,"column":8},"end":{"line":69,"column":null}},"38":{"start":{"line":70,"column":8},"end":{"line":70,"column":null}},"39":{"start":{"line":74,"column":4},"end":{"line":74,"column":null}},"40":{"start":{"line":76,"column":4},"end":{"line":76,"column":null}},"41":{"start":{"line":77,"column":4},"end":{"line":77,"column":null}},"42":{"start":{"line":81,"column":45},"end":{"line":102,"column":1}},"43":{"start":{"line":82,"column":19},"end":{"line":82,"column":21}},"44":{"start":{"line":84,"column":2},"end":{"line":93,"column":null}},"45":{"start":{"line":86,"column":4},"end":{"line":92,"column":null}},"46":{"start":{"line":87,"column":33},"end":{"line":87,"column":105}},"47":{"start":{"line":88,"column":6},"end":{"line":88,"column":null}},"48":{"start":{"line":90,"column":6},"end":{"line":90,"column":null}},"49":{"start":{"line":91,"column":6},"end":{"line":91,"column":null}},"50":{"start":{"line":95,"column":2},"end":{"line":101,"column":null}},"51":{"start":{"line":96,"column":20},"end":{"line":96,"column":47}},"52":{"start":{"line":97,"column":4},"end":{"line":97,"column":null}},"53":{"start":{"line":99,"column":4},"end":{"line":99,"column":null}},"54":{"start":{"line":100,"column":4},"end":{"line":100,"column":null}},"55":{"start":{"line":81,"column":13},"end":{"line":81,"column":45}}},"fnMap":{"0":{"name":"(anonymous_0)","decl":{"start":{"line":5,"column":39},"end":{"line":5,"column":44}},"loc":{"start":{"line":5,"column":109},"end":{"line":25,"column":1}}},"1":{"name":"(anonymous_1)","decl":{"start":{"line":8,"column":36},"end":{"line":8,"column":41}},"loc":{"start":{"line":8,"column":66},"end":{"line":16,"column":3}}},"2":{"name":"(anonymous_2)","decl":{"start":{"line":11,"column":56},"end":{"line":11,"column":57}},"loc":{"start":{"line":11,"column":72},"end":{"line":13,"column":5}}},"3":{"name":"(anonymous_3)","decl":{"start":{"line":27,"column":44},"end":{"line":27,"column":49}},"loc":{"start":{"line":27,"column":122},"end":{"line":51,"column":1}}},"4":{"name":"(anonymous_4)","decl":{"start":{"line":35,"column":51},"end":{"line":35,"column":52}},"loc":{"start":{"line":35,"column":58},"end":{"line":37,"column":7}}},"5":{"name":"(anonymous_5)","decl":{"start":{"line":53,"column":28},"end":{"line":53,"column":33}},"loc":{"start":{"line":53,"column":121},"end":{"line":79,"column":1}}},"6":{"name":"(anonymous_6)","decl":{"start":{"line":81,"column":45},"end":{"line":81,"column":50}},"loc":{"start":{"line":81,"column":109},"end":{"line":102,"column":1}}}},"branchMap":{"0":{"loc":{"start":{"line":39,"column":6},"end":{"line":41,"column":null}},"type":"if","locations":[{"start":{"line":39,"column":6},"end":{"line":41,"column":null}}]},"1":{"loc":{"start":{"line":65,"column":8},"end":{"line":68,"column":null}},"type":"if","locations":[{"start":{"line":65,"column":8},"end":{"line":68,"column":null}}]}},"s":{"0":1,"1":1,"2":2,"3":2,"4":4,"5":4,"6":4,"7":4,"8":2,"9":2,"10":2,"11":0,"12":0,"13":1,"14":1,"15":1,"16":1,"17":1,"18":1,"19":2,"20":8,"21":2,"22":0,"23":2,"24":1,"25":0,"26":0,"27":1,"28":1,"29":0,"30":0,"31":0,"32":0,"33":0,"34":0,"35":0,"36":0,"37":0,"38":0,"39":0,"40":0,"41":0,"42":1,"43":0,"44":0,"45":0,"46":0,"47":0,"48":0,"49":0,"50":0,"51":0,"52":0,"53":0,"54":0,"55":1},"f":{"0":2,"1":4,"2":4,"3":1,"4":8,"5":0,"6":0},"b":{"0":[0],"1":[0]}}
,"/Users/cweems/workspace/masked-comms-app/src/utils/addParticipant.util.ts": {"path":"/Users/cweems/workspace/masked-comms-app/src/utils/addParticipant.util.ts","statementMap":{"0":{"start":{"line":1,"column":0},"end":{"line":1,"column":32}},"1":{"start":{"line":2,"column":0},"end":{"line":2,"column":37}},"2":{"start":{"line":5,"column":30},"end":{"line":27,"column":1}},"3":{"start":{"line":9,"column":2},"end":{"line":26,"column":null}},"4":{"start":{"line":10,"column":4},"end":{"line":25,"column":null}},"5":{"start":{"line":11,"column":33},"end":{"line":14,"column":28}},"6":{"start":{"line":16,"column":6},"end":{"line":16,"column":null}},"7":{"start":{"line":18,"column":6},"end":{"line":21,"column":null}},"8":{"start":{"line":19,"column":8},"end":{"line":19,"column":29}},"9":{"start":{"line":20,"column":8},"end":{"line":20,"column":15}},"10":{"start":{"line":23,"column":6},"end":{"line":23,"column":44}},"11":{"start":{"line":24,"column":6},"end":{"line":24,"column":27}},"12":{"start":{"line":5,"column":13},"end":{"line":5,"column":30}}},"fnMap":{"0":{"name":"(anonymous_1)","decl":{"start":{"line":5,"column":30},"end":{"line":5,"column":35}},"loc":{"start":{"line":8,"column":35},"end":{"line":27,"column":1}}},"1":{"name":"(anonymous_2)","decl":{"start":{"line":9,"column":15},"end":{"line":9,"column":20}},"loc":{"start":{"line":9,"column":30},"end":{"line":26,"column":3}}}},"branchMap":{"0":{"loc":{"start":{"line":18,"column":6},"end":{"line":21,"column":null}},"type":"if","locations":[{"start":{"line":18,"column":6},"end":{"line":21,"column":null}}]}},"s":{"0":2,"1":2,"2":2,"3":0,"4":0,"5":0,"6":0,"7":0,"8":0,"9":0,"10":0,"11":0,"12":2},"f":{"0":0,"1":0},"b":{"0":[0]}}
,"/Users/cweems/workspace/masked-comms-app/src/utils/createConversation.util.ts": {"path":"/Users/cweems/workspace/masked-comms-app/src/utils/createConversation.util.ts","statementMap":{"0":{"start":{"line":3,"column":0},"end":{"line":3,"column":37}},"1":{"start":{"line":5,"column":0},"end":{"line":5,"column":32}},"2":{"start":{"line":6,"column":0},"end":{"line":6,"column":53}},"3":{"start":{"line":9,"column":34},"end":{"line":25,"column":1}},"4":{"start":{"line":10,"column":2},"end":{"line":24,"column":null}},"5":{"start":{"line":11,"column":4},"end":{"line":23,"column":null}},"6":{"start":{"line":12,"column":6},"end":{"line":12,"column":64}},"7":{"start":{"line":14,"column":6},"end":{"line":19,"column":null}},"8":{"start":{"line":15,"column":8},"end":{"line":15,"column":null}},"9":{"start":{"line":16,"column":8},"end":{"line":16,"column":null}},"10":{"start":{"line":17,"column":8},"end":{"line":17,"column":46}},"11":{"start":{"line":18,"column":8},"end":{"line":18,"column":15}},"12":{"start":{"line":21,"column":6},"end":{"line":21,"column":44}},"13":{"start":{"line":22,"column":6},"end":{"line":22,"column":27}},"14":{"start":{"line":9,"column":13},"end":{"line":9,"column":34}}},"fnMap":{"0":{"name":"(anonymous_1)","decl":{"start":{"line":9,"column":34},"end":{"line":9,"column":39}},"loc":{"start":{"line":9,"column":129},"end":{"line":25,"column":1}}},"1":{"name":"(anonymous_2)","decl":{"start":{"line":10,"column":15},"end":{"line":10,"column":20}},"loc":{"start":{"line":10,"column":30},"end":{"line":24,"column":3}}}},"branchMap":{"0":{"loc":{"start":{"line":9,"column":67},"end":{"line":9,"column":93}},"type":"default-arg","locations":[{"start":{"line":9,"column":82},"end":{"line":9,"column":93}}]},"1":{"loc":{"start":{"line":14,"column":6},"end":{"line":19,"column":null}},"type":"if","locations":[{"start":{"line":14,"column":6},"end":{"line":19,"column":null}}]}},"s":{"0":2,"1":2,"2":2,"3":2,"4":3,"5":3,"6":3,"7":2,"8":1,"9":1,"10":1,"11":1,"12":1,"13":1,"14":2},"f":{"0":3,"1":3},"b":{"0":[2],"1":[1]}}
,"/Users/cweems/workspace/masked-comms-app/src/utils/deleteConversation.util.ts": {"path":"/Users/cweems/workspace/masked-comms-app/src/utils/deleteConversation.util.ts","statementMap":{"0":{"start":{"line":1,"column":0},"end":{"line":1,"column":36}},"1":{"start":{"line":3,"column":0},"end":{"line":3,"column":31}},"2":{"start":{"line":5,"column":34},"end":{"line":20,"column":1}},"3":{"start":{"line":6,"column":2},"end":{"line":19,"column":null}},"4":{"start":{"line":7,"column":4},"end":{"line":18,"column":null}},"5":{"start":{"line":8,"column":6},"end":{"line":8,"column":null}},"6":{"start":{"line":9,"column":6},"end":{"line":9,"column":null}},"7":{"start":{"line":11,"column":6},"end":{"line":14,"column":null}},"8":{"start":{"line":12,"column":8},"end":{"line":12,"column":29}},"9":{"start":{"line":13,"column":8},"end":{"line":13,"column":15}},"10":{"start":{"line":16,"column":6},"end":{"line":16,"column":44}},"11":{"start":{"line":17,"column":6},"end":{"line":17,"column":27}},"12":{"start":{"line":5,"column":13},"end":{"line":5,"column":34}}},"fnMap":{"0":{"name":"(anonymous_1)","decl":{"start":{"line":5,"column":34},"end":{"line":5,"column":39}},"loc":{"start":{"line":5,"column":87},"end":{"line":20,"column":1}}},"1":{"name":"(anonymous_2)","decl":{"start":{"line":6,"column":15},"end":{"line":6,"column":20}},"loc":{"start":{"line":6,"column":29},"end":{"line":19,"column":3}}}},"branchMap":{"0":{"loc":{"start":{"line":11,"column":6},"end":{"line":14,"column":null}},"type":"if","locations":[{"start":{"line":11,"column":6},"end":{"line":14,"column":null}}]}},"s":{"0":2,"1":2,"2":2,"3":0,"4":0,"5":0,"6":0,"7":0,"8":0,"9":0,"10":0,"11":0,"12":2},"f":{"0":0,"1":0},"b":{"0":[0]}}
,"/Users/cweems/workspace/masked-comms-app/src/utils/index.ts": {"path":"/Users/cweems/workspace/masked-comms-app/src/utils/index.ts","statementMap":{"0":{"start":{"line":1,"column":0},"end":{"line":1,"column":38}},"1":{"start":{"line":2,"column":0},"end":{"line":2,"column":42}},"2":{"start":{"line":3,"column":0},"end":{"line":3,"column":42}},"3":{"start":{"line":4,"column":0},"end":{"line":4,"column":51}}},"fnMap":{},"branchMap":{},"s":{"0":2,"1":2,"2":2,"3":2},"f":{},"b":{}}
,"/Users/cweems/workspace/masked-comms-app/src/utils/listParticipantConversations.util.ts": {"path":"/Users/cweems/workspace/masked-comms-app/src/utils/listParticipantConversations.util.ts","statementMap":{"0":{"start":{"line":1,"column":0},"end":{"line":1,"column":31}},"1":{"start":{"line":3,"column":0},"end":{"line":3,"column":36}},"2":{"start":{"line":5,"column":44},"end":{"line":21,"column":1}},"3":{"start":{"line":6,"column":2},"end":{"line":19,"column":null}},"4":{"start":{"line":7,"column":4},"end":{"line":18,"column":null}},"5":{"start":{"line":8,"column":34},"end":{"line":8,"column":114}},"6":{"start":{"line":9,"column":6},"end":{"line":9,"column":null}},"7":{"start":{"line":11,"column":6},"end":{"line":14,"column":null}},"8":{"start":{"line":12,"column":8},"end":{"line":12,"column":29}},"9":{"start":{"line":13,"column":8},"end":{"line":13,"column":15}},"10":{"start":{"line":16,"column":6},"end":{"line":16,"column":44}},"11":{"start":{"line":17,"column":6},"end":{"line":17,"column":27}},"12":{"start":{"line":5,"column":13},"end":{"line":5,"column":44}}},"fnMap":{"0":{"name":"(anonymous_1)","decl":{"start":{"line":5,"column":44},"end":{"line":5,"column":49}},"loc":{"start":{"line":5,"column":119},"end":{"line":21,"column":1}}},"1":{"name":"(anonymous_2)","decl":{"start":{"line":6,"column":15},"end":{"line":6,"column":20}},"loc":{"start":{"line":6,"column":30},"end":{"line":19,"column":3}}}},"branchMap":{"0":{"loc":{"start":{"line":11,"column":6},"end":{"line":14,"column":null}},"type":"if","locations":[{"start":{"line":11,"column":6},"end":{"line":14,"column":null}}]}},"s":{"0":2,"1":2,"2":2,"3":0,"4":0,"5":0,"6":0,"7":0,"8":0,"9":0,"10":0,"11":0,"12":2},"f":{"0":0,"1":0},"b":{"0":[0]}}
,"/Users/cweems/workspace/masked-comms-app/tests/support/testSupport.ts": {"path":"/Users/cweems/workspace/masked-comms-app/tests/support/testSupport.ts","statementMap":{"0":{"start":{"line":1,"column":13},"end":{"line":43,"column":null}}},"fnMap":{},"branchMap":{},"s":{"0":1},"f":{},"b":{}}
}
