TN:
SF:src/twilioClient.ts
FNF:0
FNH:0
DA:1,3
DA:6,3
DA:7,3
DA:8,3
DA:10,0
DA:11,0
DA:15,3
DA:16,0
DA:21,3
DA:26,3
LF:10
LH:7
BRDA:6,0,0,3
BRDA:6,0,1,0
BRDA:15,1,0,0
BRDA:15,2,0,3
BRDA:15,2,1,3
BRF:5
BRH:3
end_of_record
TN:
SF:src/config/retry.config.ts
FNF:0
FNH:0
DA:1,2
LF:1
LH:1
BRF:0
BRH:0
end_of_record
TN:
SF:src/services/session.service.ts
FN:5,(anonymous_0)
FN:8,(anonymous_1)
FN:11,(anonymous_2)
FN:27,(anonymous_3)
FN:35,(anonymous_4)
FN:53,(anonymous_5)
FN:81,(anonymous_6)
FNF:7
FNH:5
FNDA:2,(anonymous_0)
FNDA:4,(anonymous_1)
FNDA:4,(anonymous_2)
FNDA:1,(anonymous_3)
FNDA:8,(anonymous_4)
FNDA:0,(anonymous_5)
FNDA:0,(anonymous_6)
DA:3,1
DA:5,1
DA:6,2
DA:8,2
DA:9,4
DA:11,4
DA:12,4
DA:15,4
DA:18,2
DA:19,2
DA:20,2
DA:22,0
DA:23,0
DA:27,1
DA:28,1
DA:29,1
DA:31,1
DA:33,1
DA:35,2
DA:36,8
DA:39,2
DA:40,0
DA:43,2
DA:46,1
DA:48,0
DA:49,0
DA:53,1
DA:54,0
DA:55,0
DA:56,0
DA:57,0
DA:62,0
DA:65,0
DA:66,0
DA:67,0
DA:69,0
DA:70,0
DA:74,0
DA:76,0
DA:77,0
DA:81,1
DA:82,0
DA:84,0
DA:86,0
DA:87,0
DA:88,0
DA:90,0
DA:91,0
DA:95,0
DA:96,0
DA:97,0
DA:99,0
DA:100,0
LF:53
LH:23
BRDA:39,0,0,0
BRDA:65,1,0,0
BRF:2
BRH:0
end_of_record
TN:
SF:src/utils/addParticipant.util.ts
FN:5,(anonymous_1)
FN:9,(anonymous_2)
FNF:2
FNH:0
FNDA:0,(anonymous_1)
FNDA:0,(anonymous_2)
DA:1,2
DA:2,2
DA:5,2
DA:9,0
DA:10,0
DA:11,0
DA:16,0
DA:18,0
DA:19,0
DA:20,0
DA:23,0
DA:24,0
LF:12
LH:3
BRDA:18,0,0,0
BRF:1
BRH:0
end_of_record
TN:
SF:src/utils/createConversation.util.ts
FN:9,(anonymous_1)
FN:10,(anonymous_2)
FNF:2
FNH:2
FNDA:3,(anonymous_1)
FNDA:3,(anonymous_2)
DA:3,2
DA:5,2
DA:6,2
DA:9,2
DA:10,3
DA:11,3
DA:12,3
DA:14,2
DA:15,1
DA:16,1
DA:17,1
DA:18,1
DA:21,1
DA:22,1
LF:14
LH:14
BRDA:9,0,0,2
BRDA:14,1,0,1
BRF:2
BRH:2
end_of_record
TN:
SF:src/utils/deleteConversation.util.ts
FN:5,(anonymous_1)
FN:6,(anonymous_2)
FNF:2
FNH:0
FNDA:0,(anonymous_1)
FNDA:0,(anonymous_2)
DA:1,2
DA:3,2
DA:5,2
DA:6,0
DA:7,0
DA:8,0
DA:9,0
DA:11,0
DA:12,0
DA:13,0
DA:16,0
DA:17,0
LF:12
LH:3
BRDA:11,0,0,0
BRF:1
BRH:0
end_of_record
TN:
SF:src/utils/index.ts
FNF:0
FNH:0
DA:1,2
DA:2,2
DA:3,2
DA:4,2
LF:4
LH:4
BRF:0
BRH:0
end_of_record
TN:
SF:src/utils/listParticipantConversations.util.ts
FN:5,(anonymous_1)
FN:6,(anonymous_2)
FNF:2
FNH:0
FNDA:0,(anonymous_1)
FNDA:0,(anonymous_2)
DA:1,2
DA:3,2
DA:5,2
DA:6,0
DA:7,0
DA:8,0
DA:9,0
DA:11,0
DA:12,0
DA:13,0
DA:16,0
DA:17,0
LF:12
LH:3
BRDA:11,0,0,0
BRF:1
BRH:0
end_of_record
TN:
SF:tests/support/testSupport.ts
FNF:0
FNH:0
DA:1,1
LF:1
LH:1
BRF:0
BRH:0
end_of_record
